# JRE version: OpenJDK Runtime Environment (13.0+33) (build 13+33)
# Java VM: OpenJDK 64-Bit Server VM (13+33, mixed mode, sharing, tiered, compressed oops, g1 gc, windows-amd64)
Heap:
 garbage-first heap   total 37888K, used 23273K [0x0000000084000000, 0x0000000100000000)
  region size 1024K, 6 young (6144K), 2 survivors (2048K)
 Metaspace       used 42575K, capacity 43181K, committed 43292K, reserved 1087488K
  class space    used 5390K, capacity 5665K, committed 5740K, reserved 1048576K
GC Heap History (18 events):
Event: 0.522 GC heap before
{Heap before GC invocations=0 (full 0):
 garbage-first heap   total 126976K, used 25600K [0x0000000084000000, 0x0000000100000000)
  region size 1024K, 24 young (24576K), 0 survivors (0K)
 Metaspace       used 6660K, capacity 6904K, committed 7168K, reserved 1056768K
  class space    used 833K, capacity 945K, committed 1024K, reserved 1048576K
}
Event: 0.525 GC heap after
{Heap after GC invocations=1 (full 0):
 garbage-first heap   total 126976K, used 6195K [0x0000000084000000, 0x0000000100000000)
  region size 1024K, 3 young (3072K), 3 survivors (3072K)
 Metaspace       used 6660K, capacity 6904K, committed 7168K, reserved 1056768K
  class space    used 833K, capacity 945K, committed 1024K, reserved 1048576K
}
Event: 1.111 GC heap before
{Heap before GC invocations=1 (full 0):
 garbage-first heap   total 126976K, used 77875K [0x0000000084000000, 0x0000000100000000)
  region size 1024K, 74 young (75776K), 3 survivors (3072K)
 Metaspace       used 17763K, capacity 18202K, committed 18432K, reserved 1064960K
  class space    used 2305K, capacity 2501K, committed 2560K, reserved 1048576K
}
Event: 1.115 GC heap after
{Heap after GC invocations=2 (full 0):
 garbage-first heap   total 126976K, used 8279K [0x0000000084000000, 0x0000000100000000)
  region size 1024K, 6 young (6144K), 6 survivors (6144K)
 Metaspace       used 17763K, capacity 18202K, committed 18432K, reserved 1064960K
  class space    used 2305K, capacity 2501K, committed 2560K, reserved 1048576K
}
Event: 1.240 GC heap before
{Heap before GC invocations=2 (full 0):
 garbage-first heap   total 126976K, used 18519K [0x0000000084000000, 0x0000000100000000)
  region size 1024K, 17 young (17408K), 6 survivors (6144K)
 Metaspace       used 20737K, capacity 21142K, committed 21296K, reserved 1067008K
  class space    used 2674K, capacity 2864K, committed 2944K, reserved 1048576K
}
Event: 1.244 GC heap after
{Heap after GC invocations=3 (full 0):
 garbage-first heap   total 126976K, used 9263K [0x0000000084000000, 0x0000000100000000)
  region size 1024K, 6 young (6144K), 6 survivors (6144K)
 Metaspace       used 20737K, capacity 21142K, committed 21296K, reserved 1067008K
  class space    used 2674K, capacity 2864K, committed 2944K, reserved 1048576K
}
Event: 1.413 GC heap before
{Heap before GC invocations=4 (full 0):
 garbage-first heap   total 37888K, used 24623K [0x0000000084000000, 0x0000000100000000)
  region size 1024K, 22 young (22528K), 6 survivors (6144K)
 Metaspace       used 23988K, capacity 24421K, committed 24624K, reserved 1071104K
  class space    used 3012K, capacity 3189K, committed 3200K, reserved 1048576K
}
Event: 1.418 GC heap after
{Heap after GC invocations=5 (full 0):
 garbage-first heap   total 37888K, used 11269K [0x0000000084000000, 0x0000000100000000)
  region size 1024K, 3 young (3072K), 3 survivors (3072K)
 Metaspace       used 23988K, capacity 24421K, committed 24624K, reserved 1071104K
  class space    used 3012K, capacity 3189K, committed 3200K, reserved 1048576K
}
Event: 1.580 GC heap before
{Heap before GC invocations=5 (full 0):
 garbage-first heap   total 37888K, used 25605K [0x0000000084000000, 0x0000000100000000)
  region size 1024K, 18 young (18432K), 3 survivors (3072K)
 Metaspace       used 27625K, capacity 28182K, committed 28208K, reserved 1073152K
  class space    used 3471K, capacity 3692K, committed 3712K, reserved 1048576K
}
Event: 1.583 GC heap after
{Heap after GC invocations=6 (full 0):
 garbage-first heap   total 37888K, used 12849K [0x0000000084000000, 0x0000000100000000)
  region size 1024K, 2 young (2048K), 2 survivors (2048K)
 Metaspace       used 27625K, capacity 28182K, committed 28208K, reserved 1073152K
  class space    used 3471K, capacity 3692K, committed 3712K, reserved 1048576K
}
Event: 1.723 GC heap before
{Heap before GC invocations=6 (full 0):
 garbage-first heap   total 37888K, used 26161K [0x0000000084000000, 0x0000000100000000)
  region size 1024K, 15 young (15360K), 2 survivors (2048K)
 Metaspace       used 31023K, capacity 31516K, committed 31536K, reserved 1077248K
  class space    used 4004K, capacity 4224K, committed 4224K, reserved 1048576K
}
Event: 1.724 GC heap after
{Heap after GC invocations=7 (full 0):
 garbage-first heap   total 37888K, used 13532K [0x0000000084000000, 0x0000000100000000)
  region size 1024K, 1 young (1024K), 1 survivors (1024K)
 Metaspace       used 31023K, capacity 31516K, committed 31536K, reserved 1077248K
  class space    used 4004K, capacity 4224K, committed 4224K, reserved 1048576K
}
Event: 1.864 GC heap before
{Heap before GC invocations=7 (full 0):
 garbage-first heap   total 37888K, used 27868K [0x0000000084000000, 0x0000000100000000)
  region size 1024K, 15 young (15360K), 1 survivors (1024K)
 Metaspace       used 32755K, capacity 33313K, committed 33584K, reserved 1079296K
  class space    used 4224K, capacity 4435K, committed 4480K, reserved 1048576K
}
Event: 1.866 GC heap after
{Heap after GC invocations=8 (full 0):
 garbage-first heap   total 37888K, used 13829K [0x0000000084000000, 0x0000000100000000)
  region size 1024K, 2 young (2048K), 2 survivors (2048K)
 Metaspace       used 32755K, capacity 33313K, committed 33584K, reserved 1079296K
  class space    used 4224K, capacity 4435K, committed 4480K, reserved 1048576K
}
Event: 2.118 GC heap before
{Heap before GC invocations=8 (full 0):
 garbage-first heap   total 37888K, used 24069K [0x0000000084000000, 0x0000000100000000)
  region size 1024K, 14 young (14336K), 2 survivors (2048K)
 Metaspace       used 35369K, capacity 35886K, committed 35920K, reserved 1081344K
  class space    used 4518K, capacity 4738K, committed 4768K, reserved 1048576K
}
Event: 2.120 GC heap after
{Heap after GC invocations=9 (full 0):
 garbage-first heap   total 37888K, used 14613K [0x0000000084000000, 0x0000000100000000)
  region size 1024K, 2 young (2048K), 2 survivors (2048K)
 Metaspace       used 35369K, capacity 35886K, committed 35920K, reserved 1081344K
  class space    used 4518K, capacity 4738K, committed 4768K, reserved 1048576K
}
Event: 2.393 GC heap before
{Heap before GC invocations=10 (full 0):
 garbage-first heap   total 37888K, used 24853K [0x0000000084000000, 0x0000000100000000)
  region size 1024K, 14 young (14336K), 2 survivors (2048K)
 Metaspace       used 40216K, capacity 40819K, committed 40988K, reserved 1085440K
  class space    used 5083K, capacity 5368K, committed 5484K, reserved 1048576K
}
Event: 2.397 GC heap after
{Heap after GC invocations=11 (full 0):
 garbage-first heap   total 37888K, used 16105K [0x0000000084000000, 0x0000000100000000)
  region size 1024K, 2 young (2048K), 2 survivors (2048K)
 Metaspace       used 40216K, capacity 40819K, committed 40988K, reserved 1085440K
  class space    used 5083K, capacity 5368K, committed 5484K, reserved 1048576K
}

