# JRE version: OpenJDK Runtime Environment (13.0+33) (build 13+33)
# Java VM: OpenJDK 64-Bit Server VM (13+33, mixed mode, sharing, tiered, compressed oops, g1 gc, windows-amd64)
Heap:
 garbage-first heap   total 37888K, used 23542K [0x0000000084000000, 0x0000000100000000)
  region size 1024K, 6 young (6144K), 2 survivors (2048K)
 Metaspace       used 42625K, capacity 43250K, committed 43472K, reserved 1087488K
  class space    used 5398K, capacity 5666K, committed 5760K, reserved 1048576K
GC Heap History (18 events):
Event: 0.503 GC heap before
{Heap before GC invocations=0 (full 0):
 garbage-first heap   total 126976K, used 25600K [0x0000000084000000, 0x0000000100000000)
  region size 1024K, 24 young (24576K), 0 survivors (0K)
 Metaspace       used 6670K, capacity 6904K, committed 7168K, reserved 1056768K
  class space    used 833K, capacity 945K, committed 1024K, reserved 1048576K
}
Event: 0.505 GC heap after
{Heap after GC invocations=1 (full 0):
 garbage-first heap   total 126976K, used 5953K [0x0000000084000000, 0x0000000100000000)
  region size 1024K, 3 young (3072K), 3 survivors (3072K)
 Metaspace       used 6670K, capacity 6904K, committed 7168K, reserved 1056768K
  class space    used 833K, capacity 945K, committed 1024K, reserved 1048576K
}
Event: 1.057 GC heap before
{Heap before GC invocations=1 (full 0):
 garbage-first heap   total 126976K, used 77633K [0x0000000084000000, 0x0000000100000000)
  region size 1024K, 74 young (75776K), 3 survivors (3072K)
 Metaspace       used 17870K, capacity 18333K, committed 18432K, reserved 1064960K
  class space    used 2320K, capacity 2502K, committed 2560K, reserved 1048576K
}
Event: 1.060 GC heap after
{Heap after GC invocations=2 (full 0):
 garbage-first heap   total 126976K, used 8328K [0x0000000084000000, 0x0000000100000000)
  region size 1024K, 6 young (6144K), 6 survivors (6144K)
 Metaspace       used 17870K, capacity 18333K, committed 18432K, reserved 1064960K
  class space    used 2320K, capacity 2502K, committed 2560K, reserved 1048576K
}
Event: 1.181 GC heap before
{Heap before GC invocations=2 (full 0):
 garbage-first heap   total 126976K, used 17544K [0x0000000084000000, 0x0000000100000000)
  region size 1024K, 16 young (16384K), 6 survivors (6144K)
 Metaspace       used 20737K, capacity 21142K, committed 21296K, reserved 1067008K
  class space    used 2673K, capacity 2864K, committed 2944K, reserved 1048576K
}
Event: 1.186 GC heap after
{Heap after GC invocations=3 (full 0):
 garbage-first heap   total 126976K, used 9575K [0x0000000084000000, 0x0000000100000000)
  region size 1024K, 4 young (4096K), 4 survivors (4096K)
 Metaspace       used 20737K, capacity 21142K, committed 21296K, reserved 1067008K
  class space    used 2673K, capacity 2864K, committed 2944K, reserved 1048576K
}
Event: 1.370 GC heap before
{Heap before GC invocations=4 (full 0):
 garbage-first heap   total 37888K, used 26983K [0x0000000084000000, 0x0000000100000000)
  region size 1024K, 22 young (22528K), 4 survivors (4096K)
 Metaspace       used 24290K, capacity 24714K, committed 25008K, reserved 1071104K
  class space    used 3048K, capacity 3222K, committed 3328K, reserved 1048576K
}
Event: 1.373 GC heap after
{Heap after GC invocations=5 (full 0):
 garbage-first heap   total 37888K, used 11924K [0x0000000084000000, 0x0000000100000000)
  region size 1024K, 3 young (3072K), 3 survivors (3072K)
 Metaspace       used 24290K, capacity 24714K, committed 25008K, reserved 1071104K
  class space    used 3048K, capacity 3222K, committed 3328K, reserved 1048576K
}
Event: 1.541 GC heap before
{Heap before GC invocations=5 (full 0):
 garbage-first heap   total 37888K, used 26260K [0x0000000084000000, 0x0000000100000000)
  region size 1024K, 18 young (18432K), 3 survivors (3072K)
 Metaspace       used 28108K, capacity 28615K, committed 28848K, reserved 1075200K
  class space    used 3528K, capacity 3729K, committed 3840K, reserved 1048576K
}
Event: 1.543 GC heap after
{Heap after GC invocations=6 (full 0):
 garbage-first heap   total 37888K, used 13124K [0x0000000084000000, 0x0000000100000000)
  region size 1024K, 1 young (1024K), 1 survivors (1024K)
 Metaspace       used 28108K, capacity 28615K, committed 28848K, reserved 1075200K
  class space    used 3528K, capacity 3729K, committed 3840K, reserved 1048576K
}
Event: 1.697 GC heap before
{Heap before GC invocations=6 (full 0):
 garbage-first heap   total 37888K, used 26436K [0x0000000084000000, 0x0000000100000000)
  region size 1024K, 15 young (15360K), 1 survivors (1024K)
 Metaspace       used 31573K, capacity 32089K, committed 32176K, reserved 1077248K
  class space    used 4090K, capacity 4326K, committed 4352K, reserved 1048576K
}
Event: 1.698 GC heap after
{Heap after GC invocations=7 (full 0):
 garbage-first heap   total 37888K, used 13705K [0x0000000084000000, 0x0000000100000000)
  region size 1024K, 2 young (2048K), 2 survivors (2048K)
 Metaspace       used 31573K, capacity 32089K, committed 32176K, reserved 1077248K
  class space    used 4090K, capacity 4326K, committed 4352K, reserved 1048576K
}
Event: 1.824 GC heap before
{Heap before GC invocations=7 (full 0):
 garbage-first heap   total 37888K, used 27017K [0x0000000084000000, 0x0000000100000000)
  region size 1024K, 16 young (16384K), 2 survivors (2048K)
 Metaspace       used 33231K, capacity 33769K, committed 33968K, reserved 1079296K
  class space    used 4283K, capacity 4501K, committed 4608K, reserved 1048576K
}
Event: 1.825 GC heap after
{Heap after GC invocations=8 (full 0):
 garbage-first heap   total 37888K, used 14240K [0x0000000084000000, 0x0000000100000000)
  region size 1024K, 2 young (2048K), 2 survivors (2048K)
 Metaspace       used 33231K, capacity 33769K, committed 33968K, reserved 1079296K
  class space    used 4283K, capacity 4501K, committed 4608K, reserved 1048576K
}
Event: 2.083 GC heap before
{Heap before GC invocations=8 (full 0):
 garbage-first heap   total 37888K, used 21408K [0x0000000084000000, 0x0000000100000000)
  region size 1024K, 11 young (11264K), 2 survivors (2048K)
 Metaspace       used 35218K, capacity 35758K, committed 35920K, reserved 1081344K
  class space    used 4503K, capacity 4737K, committed 4864K, reserved 1048576K
}
Event: 2.085 GC heap after
{Heap after GC invocations=9 (full 0):
 garbage-first heap   total 37888K, used 14915K [0x0000000084000000, 0x0000000100000000)
  region size 1024K, 2 young (2048K), 2 survivors (2048K)
 Metaspace       used 35218K, capacity 35758K, committed 35920K, reserved 1081344K
  class space    used 4503K, capacity 4737K, committed 4864K, reserved 1048576K
}
Event: 2.346 GC heap before
{Heap before GC invocations=10 (full 0):
 garbage-first heap   total 37888K, used 26179K [0x0000000084000000, 0x0000000100000000)
  region size 1024K, 15 young (15360K), 2 survivors (2048K)
 Metaspace       used 40178K, capacity 40824K, committed 41040K, reserved 1085440K
  class space    used 5083K, capacity 5369K, committed 5376K, reserved 1048576K
}
Event: 2.350 GC heap after
{Heap after GC invocations=11 (full 0):
 garbage-first heap   total 37888K, used 16374K [0x0000000084000000, 0x0000000100000000)
  region size 1024K, 2 young (2048K), 2 survivors (2048K)
 Metaspace       used 40178K, capacity 40824K, committed 41040K, reserved 1085440K
  class space    used 5083K, capacity 5369K, committed 5376K, reserved 1048576K
}

